limited : 1 (0.01)
considered, : 1 (0.01)
assembled : 1 (0.01)
whose : 1 (0.01)
up, : 1 (0.01)
granting : 1 (0.01)
disability : 1 (0.01)
pensions : 1 (0.01)
counted. : 1 (0.01)
Importation, : 1 (0.01)
writing, : 1 (0.01)
counted; : 1 (0.01)
Presence : 1 (0.01)
vote; : 1 (0.01)
Livingston, : 1 (0.01)
present. : 1 (0.01)
present, : 1 (0.01)
immunities : 1 (0.01)
vote. : 1 (0.01)
created, : 1 (0.01)
direct : 1 (0.01)
established : 1 (0.01)
errors : 1 (0.01)
bounties : 1 (0.01)
Sherman : 1 (0.01)
Hamilton : 1 (0.01)
new : 1 (0.01)
net : 1 (0.01)
ever : 1 (0.01)
resignation, : 1 (0.01)
protection : 1 (0.01)
Equity, : 1 (0.01)
sitting. : 1 (0.01)
controversy : 1 (0.01)
credit : 1 (0.01)
Choosing : 1 (0.01)
punishment : 1 (0.01)
Forts, : 1 (0.01)
Legislation : 1 (0.01)
erected : 1 (0.01)
war, : 1 (0.01)
apportionment : 1 (0.01)
call : 1 (0.01)
military, : 1 (0.01)
recommend : 1 (0.01)
Taxes, : 1 (0.01)
Bankruptcies : 1 (0.01)
Authors : 1 (0.01)
Rule : 1 (0.01)
Claim : 1 (0.01)
fifths : 1 (0.01)
work : 1 (0.01)
my : 1 (0.01)
laid, : 1 (0.01)
Lord : 1 (0.01)
guarantee : 1 (0.01)
end : 1 (0.01)
sitting : 1 (0.01)
answer : 1 (0.01)
appoint, : 1 (0.01)
imposed, : 1 (0.01)
maintain : 1 (0.01)
inhabitant : 1 (0.01)
accusation; : 1 (0.01)
peaceably : 1 (0.01)
consent : 1 (0.01)
Arsenals, : 1 (0.01)
died, : 1 (0.01)
fix : 1 (0.01)
Judge : 1 (0.01)
Privileges : 1 (0.01)
within, : 1 (0.01)
establish. : 1 (0.01)
silver : 1 (0.01)
Control : 1 (0.01)
divided. : 1 (0.01)
slavery : 1 (0.01)
admit, : 1 (0.01)
Corpus : 1 (0.01)
Thereupon : 1 (0.01)
Fact, : 1 (0.01)
excepting : 1 (0.01)
forty : 1 (0.01)
Affirmation: : 1 (0.01)
forth : 1 (0.01)
Navy; : 1 (0.01)
defence, : 1 (0.01)
Purposes, : 1 (0.01)
appointments : 1 (0.01)
Blessings : 1 (0.01)
September : 1 (0.01)
speedy : 1 (0.01)
reserving : 1 (0.01)
McHenry, : 1 (0.01)
primary : 1 (0.01)
If, : 1 (0.01)
(except : 1 (0.01)
Measures; : 1 (0.01)
annotated : 1 (0.01)
Effect : 1 (0.01)
uncorrected, : 1 (0.01)
Invasion : 1 (0.01)
begin. : 1 (0.01)
Receipts : 1 (0.01)
Census : 1 (0.01)
Vote; : 1 (0.01)
abridged, : 1 (0.01)
Emolument : 1 (0.01)
Vote, : 1 (0.01)
Vote. : 1 (0.01)
Felony, : 1 (0.01)
nominate : 1 (0.01)
Confession : 1 (0.01)
Carroll : 1 (0.01)
to, : 1 (0.01)
tempore, : 1 (0.01)
Inability, : 1 (0.01)
latter : 1 (0.01)
They : 1 (0.01)
regular : 1 (0.01)
Election : 1 (0.01)
disciplining, : 1 (0.01)
voting : 1 (0.01)
levying : 1 (0.01)
Union : 1 (0.01)
Spaight, : 1 (0.01)
Day. : 1 (0.01)
just : 1 (0.01)
debts : 1 (0.01)
Records : 1 (0.01)
Account : 1 (0.01)
nominate, : 1 (0.01)
Days : 1 (0.01)
religion, : 1 (0.01)
Washington : 1 (0.01)
twice : 1 (0.01)
delay. : 1 (0.01)
Officers; : 1 (0.01)
Proportion : 1 (0.01)
Butler : 1 (0.01)
term. : 1 (0.01)
best : 1 (0.01)
Choice : 1 (0.01)
drawn : 1 (0.01)
nature : 1 (0.01)
Soldier : 1 (0.01)
vacancies: : 1 (0.01)
disorderly : 1 (0.01)
Court. : 1 (0.01)
Navy : 1 (0.01)
confronted : 1 (0.01)
Court; : 1 (0.01)
Compact : 1 (0.01)
dock-Yards, : 1 (0.01)
Reconsideration : 1 (0.01)
Eighty : 1 (0.01)
Confederation; : 1 (0.01)
Election, : 1 (0.01)
Citizen, : 1 (0.01)
Confederation. : 1 (0.01)
basis : 1 (0.01)
Attainder, : 1 (0.01)
removed, : 1 (0.01)
privilege : 1 (0.01)
Ministers; : 1 (0.01)
life : 1 (0.01)
suppress : 1 (0.01)
concerning : 1 (0.01)
Elections : 1 (0.01)
Claims : 1 (0.01)
Rufus : 1 (0.01)
Secretary : 1 (0.01)
Water; : 1 (0.01)
tried, : 1 (0.01)
originate : 1 (0.01)
papers, : 1 (0.01)
property : 1 (0.01)
Writs : 1 (0.01)
eighteen : 1 (0.01)
Nathaniel : 1 (0.01)
Blair, : 1 (0.01)
perform : 1 (0.01)
things : 1 (0.01)
respectively. : 1 (0.01)
"I : 1 (0.01)
passed. : 1 (0.01)
indictment : 1 (0.01)
qualifications : 1 (0.01)
Morris : 1 (0.01)
Contrary : 1 (0.01)
overt : 1 (0.01)
which, : 1 (0.01)
claims : 1 (0.01)
assembling : 1 (0.01)
Branch : 1 (0.01)
previous : 1 (0.01)
adding : 1 (0.01)
has : 1 (0.01)
involuntary : 1 (0.01)
Jury, : 1 (0.01)
required, : 1 (0.01)
Indictment, : 1 (0.01)
judge : 1 (0.01)
Jury; : 1 (0.01)
security : 1 (0.01)
enter, : 1 (0.01)
Prince : 1 (0.01)
Witness : 1 (0.01)
Pierce : 1 (0.01)
enemies : 1 (0.01)
Life : 1 (0.01)
Discoveries; : 1 (0.01)
participation : 1 (0.01)
Nays : 1 (0.01)
Property : 1 (0.01)
Madison : 1 (0.01)
census : 1 (0.01)
dollars : 1 (0.01)
constituting : 1 (0.01)
Seats : 1 (0.01)
presence : 1 (0.01)
obtaining : 1 (0.01)
naturalized : 1 (0.01)
(when : 1 (0.01)
due. : 1 (0.01)
Mifflin, : 1 (0.01)
------------------------------ : 1 (0.01)
accordingly : 1 (0.01)
way : 1 (0.01)
vacated : 1 (0.01)
suspended, : 1 (0.01)
same; : 1 (0.01)
incomes, : 1 (0.01)
form : 1 (0.01)
Disability : 1 (0.01)
absent : 1 (0.01)
Commission : 1 (0.01)
Constitution; : 1 (0.01)
Constitution. : 1 (0.01)
emit : 1 (0.01)
whatsoever, : 1 (0.01)
exist : 1 (0.01)
Resolution, : 1 (0.01)
Consideration : 1 (0.01)
reconsider : 1 (0.01)
concurrent : 1 (0.01)
exported : 1 (0.01)
longer : 1 (0.01)
Person. : 1 (0.01)
Times : 1 (0.01)
Roads; : 1 (0.01)
quartered : 1 (0.01)
Powers, : 1 (0.01)
cause, : 1 (0.01)
Standard : 1 (0.01)
excepted) : 1 (0.01)
disapproved : 1 (0.01)
supported : 1 (0.01)
Repealed : 1 (0.01)
Debate : 1 (0.01)
Form : 1 (0.01)
jeopardy : 1 (0.01)
contracted : 1 (0.01)
foregoing : 1 (0.01)
current : 1 (0.01)
Crime, : 1 (0.01)
Crime. : 1 (0.01)
liquors : 1 (0.01)
Exceptions, : 1 (0.01)
appointed, : 1 (0.01)
invaded, : 1 (0.01)
Elections, : 1 (0.01)
Seas, : 1 (0.01)
trial : 1 (0.01)
Baldwin : 1 (0.01)
useful : 1 (0.01)
Justice : 1 (0.01)
Magazines, : 1 (0.01)
session, : 1 (0.01)
session. : 1 (0.01)
visit : 1 (0.01)
Compensation, : 1 (0.01)
October : 1 (0.01)
validity : 1 (0.01)
three. : 1 (0.01)
Jacob : 1 (0.01)
three, : 1 (0.01)
Union; : 1 (0.01)
Intents : 1 (0.01)
repealed. : 1 (0.01)
thirty-five : 1 (0.01)
Provided, : 1 (0.01)
claim : 1 (0.01)
counting : 1 (0.01)
writs : 1 (0.01)
qualified, : 1 (0.01)
divided : 1 (0.01)
qualified; : 1 (0.01)
maritime : 1 (0.01)
Habeas : 1 (0.01)
natural : 1 (0.01)
inhabitants : 1 (0.01)
Term, : 1 (0.01)
Removal : 1 (0.01)
ended : 1 (0.01)
Choice. : 1 (0.01)
violated, : 1 (0.01)
each; : 1 (0.01)
each, : 1 (0.01)
taxed, : 1 (0.01)
petition : 1 (0.01)
ratified; : 1 (0.01)
affirm) : 1 (0.01)
year, : 1 (0.01)
compelled : 1 (0.01)
now : 1 (0.01)
Journal. : 1 (0.01)
Journal, : 1 (0.01)
name : 1 (0.01)
jury, : 1 (0.01)
limb; : 1 (0.01)
Grants : 1 (0.01)
press; : 1 (0.01)
Forfeiture : 1 (0.01)
receipt : 1 (0.01)
conventions : 1 (0.01)
Territory, : 1 (0.01)
year : 1 (0.01)
Place. : 1 (0.01)
concur : 1 (0.01)
Adjournment) : 1 (0.01)
Adjournment, : 1 (0.01)
governing : 1 (0.01)
obligation : 1 (0.01)
remainder : 1 (0.01)
square) : 1 (0.01)
training : 1 (0.01)
Ninth : 1 (0.01)
Welfare : 1 (0.01)
equity, : 1 (0.01)
Expenditures : 1 (0.01)
sent, : 1 (0.01)
Affirmation, : 1 (0.01)
Affirmation. : 1 (0.01)
Clymer, : 1 (0.01)
Felonies : 1 (0.01)
favor, : 1 (0.01)
convene : 1 (0.01)
declaration, : 1 (0.01)
Miles : 1 (0.01)
11 : 1 (0.01)
13 : 1 (0.01)
12 : 1 (0.01)
15 : 1 (0.01)
14 : 1 (0.01)
17 : 1 (0.01)
16 : 1 (0.01)
19 : 1 (0.01)
18 : 1 (0.01)
therein, : 1 (0.01)
Pursuance : 1 (0.01)
were : 1 (0.01)
Article; : 1 (0.01)
Land; : 1 (0.01)
Bassett, : 1 (0.01)
Inventors : 1 (0.01)
slave; : 1 (0.01)
Articles : 1 (0.01)
begin : 1 (0.01)
paid : 1 (0.01)
] : 1 (0.01)
Lands : 1 (0.01)
failure : 1 (0.01)
Party; : 1 (0.01)
alone, : 1 (0.01)
Party, : 1 (0.01)
laws : 1 (0.01)
Legislature. : 1 (0.01)
enumeration. : 1 (0.01)
Test : 1 (0.01)
privileged : 1 (0.01)
fifth : 1 (0.01)
proportion : 1 (0.01)
only : 1 (0.01)
going : 1 (0.01)
Services : 1 (0.01)
Broom : 1 (0.01)
Opinion, : 1 (0.01)
cannot : 1 (0.01)
Labour, : 1 (0.01)
concur; : 1 (0.01)
taxed. : 1 (0.01)
Right : 1 (0.01)
Excises, : 1 (0.01)
borrow : 1 (0.01)
liable : 1 (0.01)
disparage : 1 (0.01)
Grant : 1 (0.01)
eighteenth : 1 (0.01)
Grand : 1 (0.01)
That : 1 (0.01)
subsequent : 1 (0.01)
Same. : 1 (0.01)
whatever, : 1 (0.01)
reside. : 1 (0.01)
Benjamin : 1 (0.01)
Securities : 1 (0.01)
27 : 1 (0.01)
Member. : 1 (0.01)
hereunto : 1 (0.01)
legislation, : 1 (0.01)
Law: : 1 (0.01)
poll : 1 (0.01)
unusual : 1 (0.01)
subscribed : 1 (0.01)
informed : 1 (0.01)
abridging : 1 (0.01)
Importation : 1 (0.01)
Gorham, : 1 (0.01)
Reprieves : 1 (0.01)
Commander : 1 (0.01)
Posterity, : 1 (0.01)
danger; : 1 (0.01)
vest : 1 (0.01)
engaged : 1 (0.01)
Vessels : 1 (0.01)
Resignation : 1 (0.01)
Departments. : 1 (0.01)
Departments, : 1 (0.01)
Insurrections : 1 (0.01)
Welfare, : 1 (0.01)
I : 1 (0.01)
compensation. : 1 (0.01)
Classes. : 1 (0.01)
Records, : 1 (0.01)
constitutional : 1 (0.01)
inability : 1 (0.01)
money : 1 (0.01)
Jenifer, : 1 (0.01)
grievances. : 1 (0.01)
tax. : 1 (0.01)
rules : 1 (0.01)
Island : 1 (0.01)
Adjournment : 1 (0.01)
USConstitution.net : 1 (0.01)
Warrants : 1 (0.01)
reduced : 1 (0.01)
four, : 1 (0.01)
manufacture, : 1 (0.01)
Army : 1 (0.01)
Law; : 1 (0.01)
Impeachment, : 1 (0.01)
sixth : 1 (0.01)
Invasions; : 1 (0.01)
Monday : 1 (0.01)
Qualification : 1 (0.01)
Immunities : 1 (0.01)
punishments : 1 (0.01)
provide. : 1 (0.01)
convened) : 1 (0.01)
Heads : 1 (0.01)
Least : 1 (0.01)
Appropriation : 1 (0.01)
another: : 1 (0.01)
Counsel : 1 (0.01)
regard : 1 (0.01)
Unanimous : 1 (0.01)
another. : 1 (0.01)
Duty : 1 (0.01)
Writings : 1 (0.01)
agree : 1 (0.01)
certain : 1 (0.01)
Treaties, : 1 (0.01)
deem : 1 (0.01)
legislature, : 1 (0.01)
compel : 1 (0.01)
Purpose : 1 (0.01)
ineligible : 1 (0.01)
sale, : 1 (0.01)
Testimony : 1 (0.01)
included : 1 (0.01)
Cession : 1 (0.01)
original : 1 (0.01)
presentment : 1 (0.01)
amendment. : 1 (0.01)
executing : 1 (0.01)
religious : 1 (0.01)
directed. : 1 (0.01)
day. : 1 (0.01)
Crimes, : 1 (0.01)
day, : 1 (0.01)
Business; : 1 (0.01)
Removal, : 1 (0.01)
oath, : 1 (0.01)
belonging : 1 (0.01)
returned : 1 (0.01)
returning : 1 (0.01)
decide : 1 (0.01)
questioned. : 1 (0.01)
condition : 1 (0.01)
list : 1 (0.01)
large : 1 (0.01)
legislatures. : 1 (0.01)
preserve, : 1 (0.01)
20th : 1 (0.01)
Persons. : 1 (0.01)
abridge : 1 (0.01)
selected, : 1 (0.01)
further : 1 (0.01)
Naturalization, : 1 (0.01)
Excises : 1 (0.01)
necessary, : 1 (0.01)
him; : 1 (0.01)
version : 1 (0.01)
certificates : 1 (0.01)
escaping : 1 (0.01)
empower : 1 (0.01)
hours : 1 (0.01)
re-examined : 1 (0.01)
Commissions : 1 (0.01)
published : 1 (0.01)
Jared : 1 (0.01)
successors : 1 (0.01)
Rutledge, : 1 (0.01)
Providence : 1 (0.01)
proceed : 1 (0.01)
thereby, : 1 (0.01)
Return, : 1 (0.01)
Congress: : 1 (0.01)
corrected : 1 (0.01)
St : 1 (0.01)
contrary, : 1 (0.01)
commenced : 1 (0.01)
Roger : 1 (0.01)
varying : 1 (0.01)
Government, : 1 (0.01)
Captures : 1 (0.01)
remain : 1 (0.01)
Senate; : 1 (0.01)
accept : 1 (0.01)
states : 1 (0.01)
searched, : 1 (0.01)
purchased : 1 (0.01)
Langdon, : 1 (0.01)
affirmation, : 1 (0.01)
imminent : 1 (0.01)
comfort : 1 (0.01)
[Note: : 1 (0.01)
Desire : 1 (0.01)
tried : 1 (0.01)
Foreign : 1 (0.01)
compulsory : 1 (0.01)
Excessive : 1 (0.01)
Dobbs : 1 (0.01)
of, : 1 (0.01)
24 : 1 (0.01)
25 : 1 (0.01)
26 : 1 (0.01)
Full : 1 (0.01)
20 : 1 (0.01)
21 : 1 (0.01)
22 : 1 (0.01)
23 : 1 (0.01)
Read, : 1 (0.01)
actually : 1 (0.01)
Treaty, : 1 (0.01)
absence : 1 (0.01)
Produce : 1 (0.01)
alter : 1 (0.01)
fines : 1 (0.01)
good : 1 (0.01)
return : 1 (0.01)
Twelfth. : 1 (0.01)
Danger : 1 (0.01)
twice, : 1 (0.01)
found : 1 (0.01)
End : 1 (0.01)
house, : 1 (0.01)
event : 1 (0.01)
Year; : 1 (0.01)
forces, : 1 (0.01)
Samuel : 1 (0.01)
publish : 1 (0.01)
houses, : 1 (0.01)
extraordinary : 1 (0.01)
reason : 1 (0.01)
put : 1 (0.01)
http://www.usconstitution.net/const.html : 1 (0.01)
retained : 1 (0.01)
service : 1 (0.01)
Respect : 1 (0.01)
Hugh : 1 (0.01)
Indian : 1 (0.01)
Corruption : 1 (0.01)
impairing : 1 (0.01)
Felony : 1 (0.01)
Plantations : 1 (0.01)
disqualification : 1 (0.01)
passed : 1 (0.01)
from, : 1 (0.01)
immediately, : 1 (0.01)
kind : 1 (0.01)
determines : 1 (0.01)
Clauses : 1 (0.01)
reconsidered, : 1 (0.01)
Alexander : 1 (0.01)
Defence : 1 (0.01)
solemnly : 1 (0.01)
Limitations : 1 (0.01)
lie : 1 (0.01)
also : 1 (0.01)
appellate : 1 (0.01)
populous : 1 (0.01)
Erection : 1 (0.01)
7. : 1 (0.01)
age. : 1 (0.01)
age, : 1 (0.01)
inflicted. : 1 (0.01)
nothing : 1 (0.01)
Seventeenth : 1 (0.01)
unreasonable : 1 (0.01)
Money, : 1 (0.01)
Money; : 1 (0.01)
charged : 1 (0.01)
particularly : 1 (0.01)
gold : 1 (0.01)
Suits : 1 (0.01)
debts, : 1 (0.01)
Elector. : 1 (0.01)
Resident : 1 (0.01)
securing : 1 (0.01)
Representatives; : 1 (0.01)
seizures, : 1 (0.01)
failed : 1 (0.01)
Subjects. : 1 (0.01)
Objections, : 1 (0.01)
Representatives. : 1 (0.01)
Bedford : 1 (0.01)
prohibiting : 1 (0.01)
expedient; : 1 (0.01)
Value : 1 (0.01)
Trial, : 1 (0.01)
Nobility : 1 (0.01)
Penalties : 1 (0.01)
adhering : 1 (0.01)
Jackson, : 1 (0.01)
remove : 1 (0.01)
For : 1 (0.01)
capitation, : 1 (0.01)
Cotesworth : 1 (0.01)
years; : 1 (0.01)
probable : 1 (0.01)
Part : 1 (0.01)
15th : 1 (0.01)
King : 1 (0.01)
States." : 1 (0.01)
days, : 1 (0.01)
Weights : 1 (0.01)
Punishment, : 1 (0.01)
Laws: : 1 (0.01)
attainted. : 1 (0.01)
acted : 1 (0.01)
race, : 1 (0.01)
whatever : 1 (0.01)
regulated : 1 (0.01)
suppressing : 1 (0.01)
raise : 1 (0.01)
acceptance : 1 (0.01)
Blood, : 1 (0.01)
territory : 1 (0.01)
meeting : 1 (0.01)
Care : 1 (0.01)
demand : 1 (0.01)
who, : 1 (0.01)
Done : 1 (0.01)
use, : 1 (0.01)
Offices, : 1 (0.01)
clear, : 1 (0.01)
exists, : 1 (0.01)
Treasury, : 1 (0.01)
Faith : 1 (0.01)
Tranquility, : 1 (0.01)
accordingly, : 1 (0.01)
disability. : 1 (0.01)
infamous : 1 (0.01)
Migration : 1 (0.01)
Names : 1 (0.01)
Bill, : 1 (0.01)
Bill. : 1 (0.01)
Morris, : 1 (0.01)
Statement : 1 (0.01)
Territory : 1 (0.01)
discipline : 1 (0.01)
Alliance, : 1 (0.01)
source : 1 (0.01)
capital, : 1 (0.01)
questioned : 1 (0.01)
Robert : 1 (0.01)
loss : 1 (0.01)
Attest: : 1 (0.01)
Consuls; : 1 (0.01)
Aid : 1 (0.01)
Bills : 1 (0.01)
submission. : 1 (0.01)
imposed : 1 (0.01)
ballot, : 1 (0.01)
continue : 1 (0.01)
Comfort. : 1 (0.01)
absolutely : 1 (0.01)
obliged : 1 (0.01)
some : 1 (0.01)
ourselves : 1 (0.01)
describing : 1 (0.01)
Brearley, : 1 (0.01)
Bills. : 1 (0.01)
prosecuted : 1 (0.01)
December, : 1 (0.01)
David : 1 (0.01)
Prejudice : 1 (0.01)
relating : 1 (0.01)
whom, : 1 (0.01)
Before : 1 (0.01)
Speech : 1 (0.01)
Wilson, : 1 (0.01)
suit : 1 (0.01)
Bribery, : 1 (0.01)
duly : 1 (0.01)
raising : 1 (0.01)
fled, : 1 (0.01)
elected. : 1 (0.01)
(Sundays : 1 (0.01)
Franklin, : 1 (0.01)
called : 1 (0.01)
likewise : 1 (0.01)
deprive : 1 (0.01)
preserved, : 1 (0.01)
qualify, : 1 (0.01)
Establishment : 1 (0.01)
themselves; : 1 (0.01)
Secrecy; : 1 (0.01)
Judges, : 1 (0.01)
peace : 1 (0.01)
themselves. : 1 (0.01)
department : 1 (0.01)
preside: : 1 (0.01)
Imposts, : 1 (0.01)
Invasion; : 1 (0.01)
departments : 1 (0.01)
beverage : 1 (0.01)
existing : 1 (0.01)
Department : 1 (0.01)
Progress : 1 (0.01)
cases : 1 (0.01)
Revision : 1 (0.01)
Gunning : 1 (0.01)
concerned : 1 (0.01)
obligations : 1 (0.01)
(not : 1 (0.01)
Immediately : 1 (0.01)
confirmation : 1 (0.01)
Coin, : 1 (0.01)
Consent, : 1 (0.01)
try : 1 (0.01)
inspection : 1 (0.01)
Paterson, : 1 (0.01)
Gilman : 1 (0.01)
smaller : 1 (0.01)
other, : 1 (0.01)
sex. : 1 (0.01)
Emoluments : 1 (0.01)
Arrest : 1 (0.01)
Authority; : 1 (0.01)
laws. : 1 (0.01)
Sections : 1 (0.01)
make. : 1 (0.01)
Johnson, : 1 (0.01)
giving : 1 (0.01)
bail : 1 (0.01)
America : 1 (0.01)
honor, : 1 (0.01)
prescribe : 1 (0.01)
Present, : 1 (0.01)
others : 1 (0.01)
Nays, : 1 (0.01)
engage : 1 (0.01)
Regulations, : 1 (0.01)
Votes; : 1 (0.01)
repel : 1 (0.01)
Blount, : 1 (0.01)
deputy : 1 (0.01)
Assistance : 1 (0.01)
Ships : 1 (0.01)
private : 1 (0.01)
Rhode : 1 (0.01)
Safety : 1 (0.01)
apply : 1 (0.01)
use : 1 (0.01)
illegal : 1 (0.01)
Emolument, : 1 (0.01)
constitutionally : 1 (0.01)
possession : 1 (0.01)
Land : 1 (0.01)
Appropriations : 1 (0.01)
carrying : 1 (0.01)
Senators. : 1 (0.01)
Senators, : 1 (0.01)
Vote : 1 (0.01)
admiralty : 1 (0.01)
Reprisal; : 1 (0.01)
reserved : 1 (0.01)
Parts : 1 (0.01)
Reprisal, : 1 (0.01)
Williamson : 1 (0.01)
King, : 1 (0.01)
Preference : 1 (0.01)
establishment : 1 (0.01)
Payment : 1 (0.01)
color, : 1 (0.01)
Taxes : 1 (0.01)
Inability : 1 (0.01)
Nations; : 1 (0.01)
One : 1 (0.01)
Nations, : 1 (0.01)
qualified. : 1 (0.01)
Ingersoll, : 1 (0.01)
Forces; : 1 (0.01)
operative : 1 (0.01)
perfect : 1 (0.01)
dispose : 1 (0.01)
Courts, : 1 (0.01)
Ability, : 1 (0.01)
Conviction : 1 (0.01)
repassed : 1 (0.01)
flee : 1 (0.01)
least, : 1 (0.01)
speech, : 1 (0.01)
Ambassadors : 1 (0.01)
bills : 1 (0.01)
Liberty : 1 (0.01)
Witnesses : 1 (0.01)
witness : 1 (0.01)
out : 1 (0.01)
Junction : 1 (0.01)
time; : 1 (0.01)
defend : 1 (0.01)
Agreement : 1 (0.01)
impartial : 1 (0.01)
time. : 1 (0.01)
following, : 1 (0.01)
Engagements : 1 (0.01)
cause : 1 (0.01)
Representative; : 1 (0.01)
fourteen : 1 (0.01)
Representative, : 1 (0.01)
delegated : 1 (0.01)
originated, : 1 (0.01)
elector : 1 (0.01)
follows: : 1 (0.01)
list, : 1 (0.01)
proposing : 1 (0.01)
Misdemeanors. : 1 (0.01)
Armies, : 1 (0.01)
legislative : 1 (0.01)
be, : 1 (0.01)
Gouvernour : 1 (0.01)
proved, : 1 (0.01)
Spelling : 1 (0.01)
Amendments, : 1 (0.01)
Writ : 1 (0.01)
compensation : 1 (0.01)
Information : 1 (0.01)
committed; : 1 (0.01)
Contracts, : 1 (0.01)
prosecutions, : 1 (0.01)
term, : 1 (0.01)
After : 1 (0.01)
Disagreement : 1 (0.01)
Violence. : 1 (0.01)
Manner, : 1 (0.01)
Impeachments. : 1 (0.01)
enforce, : 1 (0.01)
Mode : 1 (0.01)
emancipation : 1 (0.01)
Abraham : 1 (0.01)
payment : 1 (0.01)
ratifying : 1 (0.01)
committed, : 1 (0.01)
jurisdiction. : 1 (0.01)
Tender : 1 (0.01)
Credit; : 1 (0.01)
fact : 1 (0.01)
violation : 1 (0.01)
text : 1 (0.01)
another, : 1 (0.01)
vacancy : 1 (0.01)
Owner, : 1 (0.01)
Independence : 1 (0.01)
Measures : 1 (0.01)
should : 1 (0.01)
servitude, : 1 (0.01)
servitude. : 1 (0.01)
employed : 1 (0.01)
Obligation : 1 (0.01)
offense : 1 (0.01)
Enemies, : 1 (0.01)
Act, : 1 (0.01)
exportation : 1 (0.01)
taxes : 1 (0.01)
calling : 1 (0.01)
infringed. : 1 (0.01)
expel : 1 (0.01)
accused : 1 (0.01)
once. : 1 (0.01)
Title, : 1 (0.01)
Republican : 1 (0.01)
dollars, : 1 (0.01)
counterfeiting : 1 (0.01)
taken. : 1 (0.01)
ten, : 1 (0.01)
Numbers, : 1 (0.01)
Tonnage, : 1 (0.01)
Thereafter, : 1 (0.01)
numbers, : 1 (0.01)
Subjects : 1 (0.01)
Certificates, : 1 (0.01)
addition : 1 (0.01)
Arts, : 1 (0.01)
Persons, : 1 (0.01)
define : 1 (0.01)
effect, : 1 (0.01)
sufficient : 1 (0.01)
Credit : 1 (0.01)
Pardons : 1 (0.01)
Jr., : 1 (0.01)
Legislatures, : 1 (0.01)
organizing, : 1 (0.01)
value : 1 (0.01)
seized. : 1 (0.01)
Vice-President. : 1 (0.01)
Vice-President; : 1 (0.01)
Few, : 1 (0.01)
privileges : 1 (0.01)
parts : 1 (0.01)
party : 1 (0.01)
notwithstanding. : 1 (0.01)
twelfth : 1 (0.01)
Suffrage : 1 (0.01)
effect : 1 (0.01)
Order : 1 (0.01)
insure : 1 (0.01)
Tribunals : 1 (0.01)
nevertheless : 1 (0.01)
approve : 1 (0.01)
Names. : 1 (0.01)
excessive : 1 (0.01)
derived, : 1 (0.01)
older, : 1 (0.01)
Nicholas : 1 (0.01)
direct: : 1 (0.01)
Ports : 1 (0.01)
provisions : 1 (0.01)
government : 1 (0.01)
rights, : 1 (0.01)
admit : 1 (0.01)
Fitzsimons, : 1 (0.01)
liquors, : 1 (0.01)
Returns : 1 (0.01)
admitted : 1 (0.01)
noted : 1 (0.01)
(or : 1 (0.01)
Effect, : 1 (0.01)
Piracies : 1 (0.01)
authority : 1 (0.01)
Rebellion : 1 (0.01)
redress : 1 (0.01)
Breach : 1 (0.01)
Jonathan : 1 (0.01)
ballot : 1 (0.01)
Nobility. : 1 (0.01)
arming, : 1 (0.01)
executed, : 1 (0.01)
defence. : 1 (0.01)
expire : 1 (0.01)
Occasions, : 1 (0.01)
himself, : 1 (0.01)
freedom : 1 (0.01)
Buildings; : 1 (0.01)
swear : 1 (0.01)
own : 1 (0.01)
void. : 1 (0.01)
Dayton : 1 (0.01)
searches : 1 (0.01)
Thousand, : 1 (0.01)
Quorum : 1 (0.01)
Science : 1 (0.01)
delivery : 1 (0.01)
effects, : 1 (0.01)
intervened. : 1 (0.01)
Tribes; : 1 (0.01)
Troops, : 1 (0.01)
proper; : 1 (0.01)
signed : 1 (0.01)
two-thirds, : 1 (0.01)
proper, : 1 (0.01)
cruel : 1 (0.01)
Debts; : 1 (0.01)
Order, : 1 (0.01)
Jr. : 1 (0.01)
claiming : 1 (0.01)
Dickinson, : 1 (0.01)
Purpose, : 1 (0.01)
branch : 1 (0.01)
Jurisdiction; : 1 (0.01)
convicted, : 1 (0.01)
March : 1 (0.01)
Jurisdiction, : 1 (0.01)
Jurisdiction. : 1 (0.01)
Arms, : 1 (0.01)
trial, : 1 (0.01)
Session. : 1 (0.01)
Debts : 2 (0.02)
four : 2 (0.02)
Behavior, : 2 (0.02)
otherwise, : 2 (0.02)
assemble, : 2 (0.02)
affect : 2 (0.02)
Case, : 2 (0.02)
enjoy : 2 (0.02)
Enumeration : 2 (0.02)
secure : 2 (0.02)
would : 2 (0.02)
Application : 2 (0.02)
twenty-one : 2 (0.02)
Imports : 2 (0.02)
give : 2 (0.02)
Journal : 2 (0.02)
Pinckney, : 2 (0.02)
third : 2 (0.02)
9 : 2 (0.02)
Marque : 2 (0.02)
temporary : 2 (0.02)
laid : 2 (0.02)
Objections : 2 (0.02)
resume : 2 (0.02)
crime, : 2 (0.02)
Duties, : 2 (0.02)
persons, : 2 (0.02)
War, : 2 (0.02)
Amendments : 2 (0.02)
requisite : 2 (0.02)
respecting : 2 (0.02)
regulate : 2 (0.02)
coin : 2 (0.02)
them. : 2 (0.02)
into, : 2 (0.02)
Courts : 2 (0.02)
debt : 2 (0.02)
protect : 2 (0.02)
Court, : 2 (0.02)
Georgia : 2 (0.02)
Pennsylvania : 2 (0.02)
aid : 2 (0.02)
Convention : 2 (0.02)
respectively, : 2 (0.02)
rebellion : 2 (0.02)
declaring : 2 (0.02)
facto : 2 (0.02)
proposed : 2 (0.02)
may, : 2 (0.02)
office. : 2 (0.02)
had : 2 (0.02)
Connecticut : 2 (0.02)
Vacancies : 2 (0.02)
officer : 2 (0.02)
born : 2 (0.02)
particular : 2 (0.02)
six, : 2 (0.02)
Thing : 2 (0.02)
Proceedings : 2 (0.02)
post : 2 (0.02)
Provided : 2 (0.02)
Use : 2 (0.02)
Years; : 2 (0.02)
authorized : 2 (0.02)
version. : 2 (0.02)
Congress; : 2 (0.02)
same, : 2 (0.02)
removed : 2 (0.02)
assume : 2 (0.02)
Charles : 2 (0.02)
together : 2 (0.02)
Title : 2 (0.02)
Indians : 2 (0.02)
hereof : 2 (0.02)
Jersey : 2 (0.02)
Recess : 2 (0.02)
Tax : 2 (0.02)
prevent : 2 (0.02)
jury : 2 (0.02)
appointed; : 2 (0.02)
thirty : 2 (0.02)
Crimes : 2 (0.02)
Session : 2 (0.02)
Member : 2 (0.02)
Impeachment : 2 (0.02)
Appointments : 2 (0.02)
and, : 2 (0.02)
fourths : 2 (0.02)
following : 2 (0.02)
Power, : 2 (0.02)
Vacancies. : 2 (0.02)
exclusive : 2 (0.02)
execute : 2 (0.02)
Treaties : 2 (0.02)
importation : 2 (0.02)
or, : 2 (0.02)
ex : 2 (0.02)
certify, : 2 (0.02)
Commerce : 2 (0.02)
place : 2 (0.02)
discharged : 2 (0.02)
district : 2 (0.02)
Post : 2 (0.02)
10 : 2 (0.02)
law. : 2 (0.02)
law; : 2 (0.02)
not, : 2 (0.02)
Legislature, : 2 (0.02)
We : 2 (0.02)
Houses, : 2 (0.02)
state : 2 (0.02)
crime : 2 (0.02)
where : 2 (0.02)
seat : 2 (0.02)
intoxicating : 2 (0.02)
affecting : 2 (0.02)
duty : 2 (0.02)
Delaware : 2 (0.02)
6. : 2 (0.02)
formed : 2 (0.02)
life, : 2 (0.02)
granted : 2 (0.02)
devolved : 2 (0.02)
Daniel : 2 (0.02)
Advice : 2 (0.02)
Coin : 2 (0.02)
Cases, : 2 (0.02)
Impeachment. : 2 (0.02)
assemble : 2 (0.02)
five, : 2 (0.02)
Revenue : 2 (0.02)
provide, : 2 (0.02)
determine : 2 (0.02)
sealed : 2 (0.02)
promote : 2 (0.02)
Judges : 2 (0.02)
Exports, : 2 (0.02)
5 : 2 (0.02)
needful : 2 (0.02)
removal : 2 (0.02)
prohibited. : 2 (0.02)
Punishment : 2 (0.02)
pass : 2 (0.02)
what : 2 (0.02)
witnesses : 2 (0.02)
Services, : 2 (0.02)
naval : 2 (0.02)
prior : 2 (0.02)
America. : 2 (0.02)
distinct : 2 (0.02)
6 : 2 (0.02)
Representation : 2 (0.02)
Senate. : 2 (0.02)
nine : 2 (0.02)
stated : 2 (0.02)
numbers : 2 (0.02)
Compensation : 2 (0.02)
Seat : 2 (0.02)
committed : 2 (0.02)
it. : 2 (0.02)
propose : 2 (0.02)
Conventions : 2 (0.02)
acting : 2 (0.02)
7 : 2 (0.02)
issue : 2 (0.02)
members : 2 (0.02)
beginning : 2 (0.02)
People : 2 (0.02)
devolve : 2 (0.02)
property, : 2 (0.02)
part : 2 (0.02)
determined : 2 (0.02)
declare : 2 (0.02)
Maryland : 2 (0.02)
Chief : 2 (0.02)
approved : 2 (0.02)
Attainder : 2 (0.02)
rebellion, : 2 (0.02)
8 : 2 (0.02)
States: : 2 (0.02)
domestic : 2 (0.02)
mentioned, : 2 (0.02)
Members, : 2 (0.02)
Attendance : 2 (0.02)
transportation : 2 (0.02)
Neither : 2 (0.02)
Majority, : 2 (0.02)
Death, : 2 (0.02)
numerous : 2 (0.02)
sole : 2 (0.02)
legislature : 2 (0.02)
Appointment : 2 (0.02)
due : 2 (0.02)
faithfully : 2 (0.02)
Acts, : 2 (0.02)
people. : 2 (0.02)
Offices : 2 (0.02)
chosen. : 2 (0.02)
ballots : 2 (0.02)
Consuls, : 2 (0.02)
collect : 2 (0.02)
delivered : 2 (0.02)
Massachusetts : 2 (0.02)
most : 2 (0.02)
therein : 2 (0.02)
services : 2 (0.02)
question : 2 (0.02)
Every : 2 (0.02)
Ratification : 2 (0.02)
up : 2 (0.02)
Hampshire : 2 (0.02)
land : 2 (0.02)
age : 2 (0.02)
required : 2 (0.02)
ascertained : 2 (0.02)
once : 2 (0.02)
issue, : 2 (0.02)
lists : 2 (0.02)
Regulations : 2 (0.02)
3d : 2 (0.02)
body : 2 (0.02)
Votes, : 2 (0.02)
Qualifications : 2 (0.02)
becomes : 2 (0.02)
Period : 2 (0.02)
Offenses : 2 (0.02)
tax : 2 (0.02)
purposes : 2 (0.02)
high : 2 (0.02)
Party : 2 (0.02)
six : 2 (0.02)
Letters : 2 (0.02)
Peace, : 2 (0.02)
including : 2 (0.02)
article. : 2 (0.02)
direct. : 2 (0.02)
direct, : 2 (0.02)
Treasury : 2 (0.02)
Judicial : 2 (0.02)
deprived : 2 (0.02)
diminished : 2 (0.02)
ratification : 2 (0.02)
North : 2 (0.02)
punish : 2 (0.02)
majority, : 2 (0.02)
Richard : 2 (0.02)
Electors, : 2 (0.02)
deny : 2 (0.02)
one, : 2 (0.02)
York : 2 (0.02)
bear : 2 (0.02)
ordain : 2 (0.02)
fixed : 2 (0.02)
Adoption : 2 (0.02)
Resignation, : 2 (0.02)
Justice, : 2 (0.02)
Proceedings, : 2 (0.02)
three-fourths : 2 (0.02)
choice. : 2 (0.02)
present : 2 (0.02)
criminal : 2 (0.02)
Jurisdiction : 2 (0.02)
enumeration : 2 (0.02)
well : 2 (0.02)
Controversies : 2 (0.02)
arising : 2 (0.02)
Office. : 2 (0.02)
liberty, : 2 (0.02)
increased : 2 (0.02)
immediately : 2 (0.02)
excluding : 2 (0.02)
exceed : 2 (0.02)
proper : 2 (0.02)
constitute : 2 (0.02)
prohibited : 2 (0.02)
equally : 2 (0.02)
previously : 2 (0.02)
Labour : 2 (0.02)
South : 2 (0.02)
Execution : 2 (0.02)
Continuance : 2 (0.02)
Yeas : 2 (0.02)
apportioned : 2 (0.02)
incurred : 2 (0.02)
eligible : 3 (0.03)
Thomas : 3 (0.03)
adjourn : 3 (0.03)
Times, : 3 (0.03)
A : 3 (0.03)
grant : 3 (0.03)
over : 3 (0.03)
free : 3 (0.03)
days : 3 (0.03)
Judgment : 3 (0.03)
Expiration : 3 (0.03)
jurisdiction : 3 (0.03)
do : 3 (0.03)
said : 3 (0.03)
extend : 3 (0.03)
entered : 3 (0.03)
January, : 3 (0.03)
Imposts : 3 (0.03)
James : 3 (0.03)
states, : 3 (0.03)
5. : 3 (0.03)
Place : 3 (0.03)
civil : 3 (0.03)
Militia, : 3 (0.03)
support : 3 (0.03)
was : 3 (0.03)
insurrection : 3 (0.03)
Persons : 3 (0.03)
hereby : 3 (0.03)
Concurrence : 3 (0.03)
Day : 3 (0.03)
presented : 3 (0.03)
He : 3 (0.03)
sign : 3 (0.03)
uniform : 3 (0.03)
Age : 3 (0.03)
eight, : 3 (0.03)
fourth : 3 (0.03)
Powers : 3 (0.03)
representation : 3 (0.03)
for, : 3 (0.03)
Places : 3 (0.03)
Money : 3 (0.03)
Ballot : 3 (0.03)
think : 3 (0.03)
Citizen : 3 (0.03)
open : 3 (0.03)
given : 3 (0.03)
require : 3 (0.03)
Court : 3 (0.03)
Regulation : 3 (0.03)
George : 3 (0.03)
Legislatures : 3 (0.03)
transmits : 3 (0.03)
Law. : 3 (0.03)
Whenever : 3 (0.03)
thousand : 3 (0.03)
Treason : 3 (0.03)
being : 3 (0.03)
noon : 3 (0.03)
President; : 3 (0.03)
Militia : 3 (0.03)
Acting : 3 (0.03)
Meeting : 3 (0.03)
there : 3 (0.03)
valid : 3 (0.03)
Ambassadors, : 3 (0.03)
him, : 3 (0.03)
male : 3 (0.03)
List : 3 (0.03)
Same : 3 (0.03)
it, : 3 (0.03)
Officers : 3 (0.03)
Class : 3 (0.03)
hundred : 3 (0.03)
Virginia : 3 (0.03)
quorum : 3 (0.03)
Profit : 3 (0.03)
Majority : 3 (0.03)
throughout : 3 (0.03)
War : 3 (0.03)
convicted : 3 (0.03)
manner : 3 (0.03)
herein : 3 (0.03)
wherein : 3 (0.03)
purpose : 3 (0.03)
officers : 3 (0.03)
submission : 3 (0.03)
exceeding : 3 (0.03)
Inhabitant : 3 (0.03)
directed : 3 (0.03)
vacancies : 3 (0.03)
Consequence : 3 (0.03)
Ministers : 3 (0.03)
composed : 3 (0.03)
next : 3 (0.03)
account : 3 (0.03)
meet : 3 (0.03)
process : 3 (0.03)
whereof : 3 (0.03)
our : 3 (0.03)
keep : 3 (0.03)
Trial : 3 (0.03)
principal : 3 (0.03)
attained : 3 (0.03)
otherwise : 3 (0.03)
general : 3 (0.03)
thereof; : 3 (0.03)
will : 3 (0.03)
thereof. : 3 (0.03)
member : 3 (0.03)
five : 3 (0.03)
like : 3 (0.03)
choosing : 3 (0.03)
actual : 3 (0.03)
highest : 3 (0.03)
legislatures : 3 (0.03)
construed : 4 (0.05)
second : 4 (0.05)
hold : 4 (0.05)
lay : 4 (0.05)
All : 4 (0.05)
enter : 4 (0.05)
Trust : 4 (0.05)
another : 4 (0.05)
transmit : 4 (0.05)
inoperative : 4 (0.05)
Officers, : 4 (0.05)
District : 4 (0.05)
John : 4 (0.05)
unable : 4 (0.05)
terms : 4 (0.05)
entitled : 4 (0.05)
prescribed : 4 (0.05)
greatest : 4 (0.05)
office, : 4 (0.05)
bound : 4 (0.05)
choice : 4 (0.05)
When : 4 (0.05)
Union, : 4 (0.05)
Time : 4 (0.05)
date : 4 (0.05)
whenever : 4 (0.05)
so : 4 (0.05)
tempore : 4 (0.05)
happen : 4 (0.05)
Carolina : 4 (0.05)
law, : 4 (0.05)
elected : 4 (0.05)
Each : 4 (0.05)
Oath : 4 (0.05)
among : 4 (0.05)
different : 4 (0.05)
pay : 4 (0.05)
death : 4 (0.05)
4 : 4 (0.05)
Term : 4 (0.05)
vested : 4 (0.05)
two-thirds : 4 (0.05)
Executive : 4 (0.05)
Year : 4 (0.05)
ten : 4 (0.05)
establish : 4 (0.05)
taken : 4 (0.05)
abridged : 4 (0.05)
Year, : 4 (0.05)
Years : 4 (0.05)
twenty : 4 (0.05)
least : 4 (0.05)
common : 4 (0.05)
are : 4 (0.05)
whom : 4 (0.05)
exercise : 4 (0.05)
appointed : 4 (0.05)
Treason, : 4 (0.05)
eight : 4 (0.05)
inferior : 4 (0.05)
Representative : 4 (0.05)
neither : 4 (0.05)
State; : 4 (0.05)
term : 4 (0.05)
Officer : 4 (0.05)
made : 4 (0.05)
4. : 4 (0.05)
appoint : 4 (0.05)
votes : 5 (0.06)
Houses : 5 (0.06)
House, : 5 (0.06)
made, : 5 (0.06)
people : 5 (0.06)
denied : 5 (0.06)
elected, : 5 (0.06)
Rules : 5 (0.06)
pro : 5 (0.06)
3 : 5 (0.06)
declaration : 5 (0.06)
If : 5 (0.06)
Law, : 5 (0.06)
provided : 5 (0.06)
fill : 5 (0.06)
Speaker : 5 (0.06)
ratified : 5 (0.06)
held : 5 (0.06)
Representatives, : 5 (0.06)
foreign : 5 (0.06)
judicial : 5 (0.06)
receive : 5 (0.06)
Bill : 5 (0.06)
consist : 5 (0.06)
Case : 5 (0.06)
Duties : 5 (0.06)
This : 5 (0.06)
Vice-President, : 5 (0.06)
Office, : 5 (0.06)
become : 5 (0.06)
Vice-President : 5 (0.06)
voted : 6 (0.07)
William : 6 (0.07)
2 : 6 (0.07)
them, : 6 (0.07)
Years, : 6 (0.07)
discharge : 6 (0.07)
1 : 6 (0.07)
first : 6 (0.07)
take : 6 (0.07)
Members : 6 (0.07)
according : 6 (0.07)
those : 6 (0.07)
case : 6 (0.07)
Service : 6 (0.07)
Government : 6 (0.07)
Congress. : 6 (0.07)
Senate, : 6 (0.07)
Votes : 6 (0.07)
Authority : 6 (0.07)
elect : 6 (0.07)
3. : 6 (0.07)
electors : 6 (0.07)
chosen : 6 (0.07)
day : 6 (0.07)
written : 6 (0.07)
equal : 6 (0.07)
And : 6 (0.07)
State. : 6 (0.07)
upon : 6 (0.07)
amendment : 6 (0.07)
after : 7 (0.09)
them : 7 (0.09)
thereof : 7 (0.09)
three : 7 (0.09)
seven : 7 (0.09)
election : 7 (0.09)
holding : 7 (0.09)
Legislature : 7 (0.09)
between : 7 (0.09)
legislation. : 7 (0.09)
either : 7 (0.09)
New : 7 (0.09)
act : 7 (0.09)
respective : 7 (0.09)
Manner : 7 (0.09)
majority : 7 (0.09)
supreme : 7 (0.09)
until : 8 (0.10)
law : 8 (0.10)
States. : 8 (0.10)
thirds : 8 (0.10)
subject : 8 (0.10)
persons : 8 (0.10)
In : 8 (0.10)
Electors : 8 (0.10)
into : 8 (0.10)
appropriate : 8 (0.10)
enforce : 8 (0.10)
Senator : 8 (0.10)
President. : 8 (0.10)
necessary : 8 (0.10)
Consent : 9 (0.11)
provide : 9 (0.11)
before : 9 (0.11)
powers : 9 (0.11)
executive : 9 (0.11)
duties : 9 (0.11)
Citizens : 9 (0.11)
citizens : 9 (0.11)
same : 9 (0.11)
Power : 9 (0.11)
both : 9 (0.11)
having : 9 (0.11)
years : 9 (0.11)
thereof, : 9 (0.11)
Cases : 10 (0.13)
every : 10 (0.13)
Article : 10 (0.13)
vote : 10 (0.13)
than : 10 (0.13)
But : 10 (0.13)
Laws : 10 (0.13)
except : 10 (0.13)
more : 10 (0.13)
whole : 10 (0.13)
Senators : 11 (0.14)
when : 11 (0.14)
power : 11 (0.14)
its : 11 (0.14)
choose : 11 (0.14)
Number : 11 (0.14)
office : 12 (0.15)
then : 12 (0.15)
Constitution, : 12 (0.15)
1. : 12 (0.15)
Office : 12 (0.15)
public : 12 (0.15)
Constitution : 12 (0.15)
Congress, : 12 (0.15)
2. : 12 (0.15)
Person : 13 (0.16)
States; : 13 (0.16)
- : 13 (0.16)
make : 13 (0.16)
right : 13 (0.16)
without : 13 (0.16)
Law : 13 (0.16)
shall, : 13 (0.16)
against : 14 (0.18)
is : 14 (0.18)
number : 14 (0.18)
during : 14 (0.18)
unless : 14 (0.18)
it : 15 (0.19)
time : 15 (0.19)
article : 15 (0.19)
who : 15 (0.19)
several : 16 (0.20)
under : 17 (0.22)
nor : 17 (0.22)
with : 17 (0.22)
been : 18 (0.23)
if : 18 (0.23)
his : 18 (0.23)
To : 18 (0.23)
they : 19 (0.24)
two : 19 (0.24)
an : 19 (0.24)
Senate : 19 (0.24)
within : 19 (0.24)
each : 20 (0.26)
person : 20 (0.26)
State, : 20 (0.26)
no : 21 (0.27)
No : 21 (0.27)
Representatives : 22 (0.28)
Section : 22 (0.28)
that : 23 (0.30)
at : 23 (0.30)
but : 23 (0.30)
Vice : 24 (0.31)
one : 24 (0.31)
he : 25 (0.32)
President, : 26 (0.33)
House : 27 (0.35)
Amendment : 28 (0.36)
their : 28 (0.36)
other : 30 (0.39)
this : 32 (0.41)
all : 37 (0.48)
Congress : 39 (0.50)
on : 39 (0.50)
from : 40 (0.52)
which : 42 (0.54)
may : 42 (0.54)
not : 42 (0.54)
States : 46 (0.60)
State : 47 (0.61)
such : 52 (0.67)
States, : 55 (0.71)
as : 64 (0.83)
The : 64 (0.83)
have : 64 (0.83)
President : 72 (0.94)
any : 79 (1.03)
for : 81 (1.05)
United : 85 (1.11)
a : 94 (1.22)
by : 101 (1.31)
in : 139 (1.81)
or : 157 (2.05)
be : 178 (2.32)
to : 183 (2.39)
and : 256 (3.34)
shall : 293 (3.82)
of : 494 (6.45)
the : 663 (8.66)
Word Count: 7652